<?xml version="1.0" encoding="UTF-8"?>
<!-- Generated by org.testng.reporters.JUnitReportReporter -->
<testsuite hostname="Rushit-Patel" failures="0" tests="3" name="LearningNewSkills.Tests.SubmitOrderTest" time="28.608" errors="0" timestamp="2024-04-11T16:20:36 MDT" skipped="0">
  <testcase classname="LearningNewSkills.Tests.SubmitOrderTest" name="OrderHistoryTest" time="6.885"/>
  <system-out/>
  <testcase classname="LearningNewSkills.Tests.SubmitOrderTest" name="SubmitOrder" time="11.744"/>
  <system-out/>
  <testcase classname="LearningNewSkills.Tests.SubmitOrderTest" name="SubmitOrder" time="9.979"/>
  <system-out/>
</testsuite> <!-- LearningNewSkills.Tests.SubmitOrderTest -->
