<?xml version="1.0" encoding="UTF-8"?>
<!-- Generated by org.testng.reporters.JUnitReportReporter -->
<testsuite hostname="Rushit-Patel" failures="0" tests="2" name="LearningNewSkills.Tests.SubmitOrderTest" time="28.152" errors="0" timestamp="2024-04-16T16:12:47 MDT" skipped="0">
  <testcase classname="LearningNewSkills.Tests.SubmitOrderTest" name="SubmitOrder" time="15.195"/>
  <testcase classname="LearningNewSkills.Tests.SubmitOrderTest" name="SubmitOrder" time="12.957"/>
</testsuite> <!-- LearningNewSkills.Tests.SubmitOrderTest -->
