<?xml version="1.0" encoding="UTF-8"?>
<!-- Generated by org.testng.reporters.JUnitReportReporter -->
<testsuite hostname="Rushit-Patel" failures="0" tests="1" name="cucumber.TestNGTestRunner" time="12.176" errors="0" timestamp="2024-04-22T21:57:07 MDT" skipped="0">
  <testcase classname="cucumber.TestNGTestRunner" name="runScenario" time="12.176"/>
</testsuite> <!-- cucumber.TestNGTestRunner -->
